Using pre-set license
Built from '2021.3/staging' branch; Version is '2021.3.9f1 (ad3870b89536) revision 11352176'; Using compiler version '192829333'; Build Type 'Release'
OS: 'Windows 11  (10.0.22621) 64bit Professional' Language: 'en' Physical Memory: 7848 MB
BatchMode: 1, IsHumanControllingUs: 0, StartBugReporterOnCrash: 0, Is64bit: 1, IsPro: 1

COMMAND LINE ARGUMENTS:
C:\Program Files\Unity\Hub\Editor\2021.3.9f1\Editor\Unity.exe
-adb2
-batchMode
-noUpm
-name
AssetImportWorker0
-projectPath
C:/Code/Ball/Fortnite
-logFile
Logs/AssetImportWorker0.log
-srvPort
64683
Successfully changed project path to: C:/Code/Ball/Fortnite
C:/Code/Ball/Fortnite
[UnityMemory] Configuration Parameters - Can be set up in boot.config
    "memorysetup-bucket-allocator-granularity=16"
    "memorysetup-bucket-allocator-bucket-count=8"
    "memorysetup-bucket-allocator-block-size=33554432"
    "memorysetup-bucket-allocator-block-count=8"
    "memorysetup-main-allocator-block-size=16777216"
    "memorysetup-thread-allocator-block-size=16777216"
    "memorysetup-gfx-main-allocator-block-size=16777216"
    "memorysetup-gfx-thread-allocator-block-size=16777216"
    "memorysetup-cache-allocator-block-size=4194304"
    "memorysetup-typetree-allocator-block-size=2097152"
    "memorysetup-profiler-bucket-allocator-granularity=16"
    "memorysetup-profiler-bucket-allocator-bucket-count=8"
    "memorysetup-profiler-bucket-allocator-block-size=33554432"
    "memorysetup-profiler-bucket-allocator-block-count=8"
    "memorysetup-profiler-allocator-block-size=16777216"
    "memorysetup-profiler-editor-allocator-block-size=1048576"
    "memorysetup-temp-allocator-size-main=16777216"
    "memorysetup-job-temp-allocator-block-size=2097152"
    "memorysetup-job-temp-allocator-block-size-background=1048576"
    "memorysetup-job-temp-allocator-reduction-small-platforms=262144"
    "memorysetup-temp-allocator-size-background-worker=32768"
    "memorysetup-temp-allocator-size-job-worker=262144"
    "memorysetup-temp-allocator-size-preload-manager=33554432"
    "memorysetup-temp-allocator-size-nav-mesh-worker=65536"
    "memorysetup-temp-allocator-size-audio-worker=65536"
    "memorysetup-temp-allocator-size-cloud-worker=32768"
    "memorysetup-temp-allocator-size-gi-baking-worker=262144"
    "memorysetup-temp-allocator-size-gfx=262144"
Refreshing native plugins compatible for Editor in 102.79 ms, found 4 plugins.
Preloading 0 native plugins for Editor in 0.00 ms.
Initialize engine version: 2021.3.9f1 (ad3870b89536)
[Subsystems] Discovering subsystems at path C:/Program Files/Unity/Hub/Editor/2021.3.9f1/Editor/Data/Resources/UnitySubsystems
[Subsystems] Discovering subsystems at path C:/Code/Ball/Fortnite/Assets
GfxDevice: creating device client; threaded=0; jobified=0
Direct3D:
    Version:  Direct3D 11.0 [level 11.1]
    Renderer: Intel(R) UHD Graphics (ID=0x8a56)
    Vendor:   Intel
    VRAM:     3924 MB
    Driver:   27.20.100.9268
Initialize mono
Mono path[0] = 'C:/Program Files/Unity/Hub/Editor/2021.3.9f1/Editor/Data/Managed'
Mono path[1] = 'C:/Program Files/Unity/Hub/Editor/2021.3.9f1/Editor/Data/MonoBleedingEdge/lib/mono/unityjit-win32'
Mono config path = 'C:/Program Files/Unity/Hub/Editor/2021.3.9f1/Editor/Data/MonoBleedingEdge/etc'
Using monoOptions --debugger-agent=transport=dt_socket,embedding=1,server=y,suspend=n,address=127.0.0.1:56464
Begin MonoManager ReloadAssembly
Registering precompiled unity dll's ...
Register platform support module: C:/Program Files/Unity/Hub/Editor/2021.3.9f1/Editor/Data/PlaybackEngines/WebGLSupport/UnityEditor.WebGL.Extensions.dll
Register platform support module: C:/Program Files/Unity/Hub/Editor/2021.3.9f1/Editor/Data/PlaybackEngines/WindowsStandaloneSupport/UnityEditor.WindowsStandalone.Extensions.dll
Registered in 0.005260 seconds.
Native extension for WindowsStandalone target not found
Native extension for WebGL target not found
Refreshing native plugins compatible for Editor in 127.21 ms, found 4 plugins.
Preloading 0 native plugins for Editor in 0.00 ms.
Mono: successfully reloaded assembly
- Completed reload, in  0.789 seconds
Domain Reload Profiling:
	ReloadAssembly (791ms)
		BeginReloadAssembly (77ms)
			ExecutionOrderSort (0ms)
			DisableScriptedObjects (0ms)
			BackupInstance (0ms)
			ReleaseScriptingObjects (0ms)
			CreateAndSetChildDomain (1ms)
		EndReloadAssembly (594ms)
			LoadAssemblies (75ms)
			RebuildTransferFunctionScriptingTraits (0ms)
			SetupTypeCache (135ms)
			ReleaseScriptCaches (0ms)
			RebuildScriptCaches (32ms)
			SetupLoadedEditorAssemblies (361ms)
				LogAssemblyErrors (0ms)
				InitializePlatformSupportModulesInManaged (10ms)
				SetLoadedEditorAssemblies (0ms)
				RefreshPlugins (127ms)
				BeforeProcessingInitializeOnLoad (2ms)
				ProcessInitializeOnLoadAttributes (147ms)
				ProcessInitializeOnLoadMethodAttributes (75ms)
				AfterProcessingInitializeOnLoad (0ms)
				EditorAssembliesLoaded (0ms)
			ExecutionOrderSort2 (0ms)
			AwakeInstancesAfterBackupRestoration (0ms)
Platform modules already initialized, skipping
Registering precompiled user dll's ...
Registered in 0.009045 seconds.
Begin MonoManager ReloadAssembly
Symbol file LoadedFromMemory doesn't match image C:\Code\Ball\Fortnite\Library\PackageCache\com.unity.visualscripting@1.7.8\Editor\VisualScripting.Core\Dependencies\YamlDotNet\Unity.VisualScripting.YamlDotNet.dll
Symbol file LoadedFromMemory doesn't match image C:\Code\Ball\Fortnite\Library\PackageCache\com.unity.visualscripting@1.7.8\Editor\VisualScripting.Core\Dependencies\DotNetZip\Unity.VisualScripting.IonicZip.dll
Native extension for WindowsStandalone target not found
Native extension for WebGL target not found
Refreshing native plugins compatible for Editor in 109.97 ms, found 4 plugins.
Preloading 0 native plugins for Editor in 0.00 ms.
Mono: successfully reloaded assembly
- Completed reload, in  1.249 seconds
Domain Reload Profiling:
	ReloadAssembly (1250ms)
		BeginReloadAssembly (116ms)
			ExecutionOrderSort (0ms)
			DisableScriptedObjects (6ms)
			BackupInstance (0ms)
			ReleaseScriptingObjects (0ms)
			CreateAndSetChildDomain (19ms)
		EndReloadAssembly (1015ms)
			LoadAssemblies (92ms)
			RebuildTransferFunctionScriptingTraits (0ms)
			SetupTypeCache (252ms)
			ReleaseScriptCaches (1ms)
			RebuildScriptCaches (60ms)
			SetupLoadedEditorAssemblies (569ms)
				LogAssemblyErrors (0ms)
				InitializePlatformSupportModulesInManaged (6ms)
				SetLoadedEditorAssemblies (0ms)
				RefreshPlugins (110ms)
				BeforeProcessingInitializeOnLoad (99ms)
				ProcessInitializeOnLoadAttributes (297ms)
				ProcessInitializeOnLoadMethodAttributes (50ms)
				AfterProcessingInitializeOnLoad (6ms)
				EditorAssembliesLoaded (0ms)
			ExecutionOrderSort2 (0ms)
			AwakeInstancesAfterBackupRestoration (6ms)
Platform modules already initialized, skipping
========================================================================
Worker process is ready to serve import requests
Launched and connected shader compiler UnityShaderCompiler.exe after 0.04 seconds
Refreshing native plugins compatible for Editor in 0.75 ms, found 4 plugins.
Preloading 0 native plugins for Editor in 0.00 ms.
Unloading 4524 Unused Serialized files (Serialized files now loaded: 0)
Unloading 52 unused Assets / (1.3 MB). Loaded Objects now: 4972.
Memory consumption went from 176.5 MB to 175.2 MB.
Total: 3.799600 ms (FindLiveObjects: 0.323500 ms CreateObjectMapping: 0.238100 ms MarkObjects: 2.999700 ms  DeleteObjects: 0.236900 ms)

AssetImportParameters requested are different than current active one (requested -> active):
  custom:video-decoder-ogg-theora: a1e56fd34408186e4bbccfd4996cb3dc -> 
  custom:container-muxer-webm: aa71ff27fc2769a1b78a27578f13a17b -> 
  custom:container-demuxer-webm: 4f35f7cbe854078d1ac9338744f61a02 -> 
  custom:video-encoder-webm-vp8: eb34c28f22e8b96e1ab97ce403110664 -> 
  custom:audio-encoder-webm-vorbis: bf7c407c2cedff20999df2af8eb42d56 -> 
  custom:framework-win-MediaFoundation: 216162199b28c13a410421893ffa2e32 -> 
  custom:container-demuxer-ogg: 62fdf1f143b41e24485cea50d1cbac27 -> 
  custom:video-decoder-webm-vp8: 9c59270c3fd7afecdb556c50c9e8de78 -> 
  custom:audio-decoder-ogg-vorbis: bf7c407c2cedff20999df2af8eb42d56 -> 
========================================================================
Received Import Request.
  Time since last request: 4739399.640275 seconds.
  path: Packages/com.unity.postprocessing/PostProcessing
  artifactKey: Guid(0d256a256b5667448bb3f33f75dbb4bf) Importer(815301076,1909f56bfc062723c751e8b465ee728b)
Start importing Packages/com.unity.postprocessing/PostProcessing using Guid(0d256a256b5667448bb3f33f75dbb4bf) Importer(815301076,1909f56bfc062723c751e8b465ee728b)  -> (artifact id: '9796cf30e010f14d7418dbf46bea76f4') in 0.015188 seconds 
========================================================================
Received Import Request.
  Time since last request: 0.000030 seconds.
  path: Packages/com.unity.postprocessing/PostProcessing/PostProcessResources.asset
  artifactKey: Guid(d82512f9c8e5d4a4d938b575d47f88d4) Importer(815301076,1909f56bfc062723c751e8b465ee728b)
Start importing Packages/com.unity.postprocessing/PostProcessing/PostProcessResources.asset using Guid(d82512f9c8e5d4a4d938b575d47f88d4) Importer(815301076,1909f56bfc062723c751e8b465ee728b)  -> (artifact id: 'd4df3c8bee3ec15d499944163fcd6ff4') in 0.073302 seconds 
========================================================================
Received Import Request.
  Time since last request: 0.000038 seconds.
  path: Packages/com.unity.postprocessing/package.json
  artifactKey: Guid(2705889b3a9580a47b334f039bfdcb00) Importer(815301076,1909f56bfc062723c751e8b465ee728b)
Start importing Packages/com.unity.postprocessing/package.json using Guid(2705889b3a9580a47b334f039bfdcb00) Importer(815301076,1909f56bfc062723c751e8b465ee728b)  -> (artifact id: '04ee28c5a26a1a76d19d1abc63cdd11c') in 0.019335 seconds 
========================================================================
Received Import Request.
  Time since last request: 0.031451 seconds.
  path: Packages/com.unity.postprocessing/PostProcessing/Runtime
  artifactKey: Guid(1bdda73de20b6a54592f998f94de3b64) Importer(815301076,1909f56bfc062723c751e8b465ee728b)
Start importing Packages/com.unity.postprocessing/PostProcessing/Runtime using Guid(1bdda73de20b6a54592f998f94de3b64) Importer(815301076,1909f56bfc062723c751e8b465ee728b)  -> (artifact id: '74fcc798806125c98cc27b386bfc1438') in 0.011074 seconds 
========================================================================
Received Import Request.
  Time since last request: 0.058497 seconds.
  path: Packages/com.unity.postprocessing/PostProcessing/Runtime/Unity.Postprocessing.Runtime.asmdef
  artifactKey: Guid(d60799ab2a985554ea1a39cd38695018) Importer(815301076,1909f56bfc062723c751e8b465ee728b)
Start importing Packages/com.unity.postprocessing/PostProcessing/Runtime/Unity.Postprocessing.Runtime.asmdef using Guid(d60799ab2a985554ea1a39cd38695018) Importer(815301076,1909f56bfc062723c751e8b465ee728b)  -> (artifact id: '4a85a6e3540dfb914cc109d480def74e') in 0.012329 seconds 
========================================================================
Received Import Request.
  Time since last request: 9.725371 seconds.
  path: Packages/com.unity.postprocessing/PostProcessing/Runtime/PostProcessDebug.cs
  artifactKey: Guid(c520d478f3d2445429bd7ac9c92b03a3) Importer(815301076,1909f56bfc062723c751e8b465ee728b)
Start importing Packages/com.unity.postprocessing/PostProcessing/Runtime/PostProcessDebug.cs using Guid(c520d478f3d2445429bd7ac9c92b03a3) Importer(815301076,1909f56bfc062723c751e8b465ee728b)  -> (artifact id: 'e1e3e75f94c403ee9955569aef7160a7') in 0.033144 seconds 
========================================================================
Received Import Request.
  Time since last request: 3.963433 seconds.
  path: Packages/com.unity.postprocessing/PostProcessing/Runtime/PostProcessLayer.cs
  artifactKey: Guid(948f4100a11a5c24981795d21301da5c) Importer(815301076,1909f56bfc062723c751e8b465ee728b)
Start importing Packages/com.unity.postprocessing/PostProcessing/Runtime/PostProcessLayer.cs using Guid(948f4100a11a5c24981795d21301da5c) Importer(815301076,1909f56bfc062723c751e8b465ee728b)  -> (artifact id: 'b8ca5b8152d9cc77574ee931f33a23fd') in 0.006719 seconds 
========================================================================
Received Import Request.
  Time since last request: 12.871044 seconds.
  path: ProjectSettings/TagManager.asset
  artifactKey: Guid(00000000000000003000000000000000) Importer(815301076,1909f56bfc062723c751e8b465ee728b)
Start importing ProjectSettings/TagManager.asset using Guid(00000000000000003000000000000000) Importer(815301076,1909f56bfc062723c751e8b465ee728b)  -> (artifact id: '5f74b9f0782f3ffe8a654b2b60a9f33c') in 0.010103 seconds 
========================================================================
Received Import Request.
  Time since last request: 51.655754 seconds.
  path: Packages/com.unity.postprocessing/PostProcessing/Shaders/ACES.hlsl
  artifactKey: Guid(d7de89b714449b04391f3a2fb53a9022) Importer(815301076,1909f56bfc062723c751e8b465ee728b)
Start importing Packages/com.unity.postprocessing/PostProcessing/Shaders/ACES.hlsl using Guid(d7de89b714449b04391f3a2fb53a9022) Importer(815301076,1909f56bfc062723c751e8b465ee728b)  -> (artifact id: 'ea0d3df4596624b43812512596136b68') in 0.018764 seconds 
========================================================================
Received Import Request.
  Time since last request: 0.000043 seconds.
  path: Packages/com.unity.postprocessing/PostProcessing/Shaders/Sampling.hlsl
  artifactKey: Guid(f16ad9ee5ff13554b98568aa655d6bda) Importer(815301076,1909f56bfc062723c751e8b465ee728b)
Start importing Packages/com.unity.postprocessing/PostProcessing/Shaders/Sampling.hlsl using Guid(f16ad9ee5ff13554b98568aa655d6bda) Importer(815301076,1909f56bfc062723c751e8b465ee728b)  -> (artifact id: '8b7b521207aac6dc98b5a4f365b83adf') in 0.011086 seconds 
========================================================================
Received Import Request.
  Time since last request: 0.000030 seconds.
  path: Packages/com.unity.postprocessing/PostProcessing/Shaders/xRLib.hlsl
  artifactKey: Guid(981a66a12fced7a45b3c106b67167ab5) Importer(815301076,1909f56bfc062723c751e8b465ee728b)
Start importing Packages/com.unity.postprocessing/PostProcessing/Shaders/xRLib.hlsl using Guid(981a66a12fced7a45b3c106b67167ab5) Importer(815301076,1909f56bfc062723c751e8b465ee728b)  -> (artifact id: 'aa8448411cfb0d4adc5cef63bc688261') in 0.011307 seconds 
========================================================================
Received Import Request.
  Time since last request: 0.000043 seconds.
  path: Packages/com.unity.postprocessing/PostProcessing/Shaders/StdLib.hlsl
  artifactKey: Guid(20aeae489f6be6a48aec52447f49169c) Importer(815301076,1909f56bfc062723c751e8b465ee728b)
Start importing Packages/com.unity.postprocessing/PostProcessing/Shaders/StdLib.hlsl using Guid(20aeae489f6be6a48aec52447f49169c) Importer(815301076,1909f56bfc062723c751e8b465ee728b)  -> (artifact id: '68d8a3f720e95b9344a0768ffb9c38fb') in 0.014534 seconds 
========================================================================
Received Import Request.
  Time since last request: 0.906454 seconds.
  path: Packages/com.unity.postprocessing/PostProcessing/Gizmos/PostProcessLayer.png
  artifactKey: Guid(5f51e0b22aa8cb84b9f422576ce87ff9) Importer(815301076,1909f56bfc062723c751e8b465ee728b)
Start importing Packages/com.unity.postprocessing/PostProcessing/Gizmos/PostProcessLayer.png using Guid(5f51e0b22aa8cb84b9f422576ce87ff9) Importer(815301076,1909f56bfc062723c751e8b465ee728b)  -> (artifact id: '1234ed1a12c4d5dcc61eb5da7f2d3ab3') in 0.055599 seconds 
========================================================================
Received Import Request.
  Time since last request: 1.488570 seconds.
  path: Packages/com.unity.postprocessing/PostProcessing/Editor/Unity.Postprocessing.Editor.asmdef
  artifactKey: Guid(a35efad8797223d499f8c68b1f545dbc) Importer(815301076,1909f56bfc062723c751e8b465ee728b)
Start importing Packages/com.unity.postprocessing/PostProcessing/Editor/Unity.Postprocessing.Editor.asmdef using Guid(a35efad8797223d499f8c68b1f545dbc) Importer(815301076,1909f56bfc062723c751e8b465ee728b)  -> (artifact id: 'd4f1d229b7a2cd050986428164ea92bd') in 0.005974 seconds 
========================================================================
Received Import Request.
  Time since last request: 3.643665 seconds.
  path: Packages/com.unity.postprocessing/PostProcessing/Runtime/PostProcessVolume.cs
  artifactKey: Guid(8b9a305e18de0c04dbd257a21cd47087) Importer(815301076,1909f56bfc062723c751e8b465ee728b)
Start importing Packages/com.unity.postprocessing/PostProcessing/Runtime/PostProcessVolume.cs using Guid(8b9a305e18de0c04dbd257a21cd47087) Importer(815301076,1909f56bfc062723c751e8b465ee728b)  -> (artifact id: '85976d450bd28178fe8b2dcc1c5d4662') in 0.006816 seconds 
========================================================================
Received Import Request.
  Time since last request: 2.494685 seconds.
  path: Packages/com.unity.postprocessing/PostProcessing/Runtime/PostProcessProfile.cs
  artifactKey: Guid(8e6292b2c06870d4495f009f912b9600) Importer(815301076,1909f56bfc062723c751e8b465ee728b)
Start importing Packages/com.unity.postprocessing/PostProcessing/Runtime/PostProcessProfile.cs using Guid(8e6292b2c06870d4495f009f912b9600) Importer(815301076,1909f56bfc062723c751e8b465ee728b)  -> (artifact id: 'ed826cbebd6245ef9136ce47fada07d5') in 0.007830 seconds 
========================================================================
Received Import Request.
  Time since last request: 18.810634 seconds.
  path: Assets
  artifactKey: Guid(00000000000000001000000000000000) Importer(815301076,1909f56bfc062723c751e8b465ee728b)
Start importing Assets using Guid(00000000000000001000000000000000) Importer(815301076,1909f56bfc062723c751e8b465ee728b)  -> (artifact id: '79842766b460edbeab6a34051e857a80') in 0.011743 seconds 
========================================================================
Received Import Request.
  Time since last request: 16.046227 seconds.
  path: Assets/Post Process.asset
  artifactKey: Guid(bd70ff891fb911343adcfc2b86918027) Importer(815301076,1909f56bfc062723c751e8b465ee728b)
Start importing Assets/Post Process.asset using Guid(bd70ff891fb911343adcfc2b86918027) Importer(815301076,1909f56bfc062723c751e8b465ee728b)  -> (artifact id: '1c28d6103acdfe71d70c9ef86a45e108') in 0.007798 seconds 
========================================================================
Received Import Request.
  Time since last request: 11.860125 seconds.
  path: Assets/Post Process.asset
  artifactKey: Guid(bd70ff891fb911343adcfc2b86918027) Importer(815301076,1909f56bfc062723c751e8b465ee728b)
Start importing Assets/Post Process.asset using Guid(bd70ff891fb911343adcfc2b86918027) Importer(815301076,1909f56bfc062723c751e8b465ee728b)  -> (artifact id: '497f5481f59612279898c04d851faec8') in 0.010247 seconds 
========================================================================
Received Import Request.
  Time since last request: 324.819178 seconds.
  path: Assets/Post Process.asset
  artifactKey: Guid(bd70ff891fb911343adcfc2b86918027) Importer(815301076,1909f56bfc062723c751e8b465ee728b)
Start importing Assets/Post Process.asset using Guid(bd70ff891fb911343adcfc2b86918027) Importer(815301076,1909f56bfc062723c751e8b465ee728b)  -> (artifact id: '4f0b3a510bdabaa93f19d1565a94f701') in 0.019719 seconds 
========================================================================
Received Import Request.
  Time since last request: 24.679621 seconds.
  path: Assets/Post Process.asset
  artifactKey: Guid(bd70ff891fb911343adcfc2b86918027) Importer(815301076,1909f56bfc062723c751e8b465ee728b)
Start importing Assets/Post Process.asset using Guid(bd70ff891fb911343adcfc2b86918027) Importer(815301076,1909f56bfc062723c751e8b465ee728b)  -> (artifact id: '00aa82513e2fa5d3dc2b4c9ddd0f7f60') in 0.003991 seconds 
========================================================================
Received Import Request.
  Time since last request: 3.365138 seconds.
  path: Assets/Post Process.asset
  artifactKey: Guid(bd70ff891fb911343adcfc2b86918027) Importer(815301076,1909f56bfc062723c751e8b465ee728b)
Start importing Assets/Post Process.asset using Guid(bd70ff891fb911343adcfc2b86918027) Importer(815301076,1909f56bfc062723c751e8b465ee728b)  -> (artifact id: '902e242390469dca4ea1cf95ebe98676') in 0.005559 seconds 
========================================================================
Received Import Request.
  Time since last request: 11.462323 seconds.
  path: Assets/Post Process.asset
  artifactKey: Guid(bd70ff891fb911343adcfc2b86918027) Importer(815301076,1909f56bfc062723c751e8b465ee728b)
Start importing Assets/Post Process.asset using Guid(bd70ff891fb911343adcfc2b86918027) Importer(815301076,1909f56bfc062723c751e8b465ee728b)  -> (artifact id: '8691bf94c2c6a307182826d011916fcc') in 0.006175 seconds 
========================================================================
Received Import Request.
  Time since last request: 20.426606 seconds.
  path: Assets/Post Process.asset
  artifactKey: Guid(bd70ff891fb911343adcfc2b86918027) Importer(815301076,1909f56bfc062723c751e8b465ee728b)
Start importing Assets/Post Process.asset using Guid(bd70ff891fb911343adcfc2b86918027) Importer(815301076,1909f56bfc062723c751e8b465ee728b)  -> (artifact id: 'c919915bdfe1506b444c80431da2426a') in 0.004502 seconds 
